=== puma startup: 2023-04-19 16:53:47 +0000 ===
{"timestamp":"2023-04-19T16:53:47.220Z","pid":811,"message":"! Promoting existing objects to old generation..."}
{"timestamp":"2023-04-19T16:53:47.464Z","pid":811,"message":"! Compacting..."}
Note: GC compacting is currently disabled. Refer to `config/initializers_before_autoloader/003_gc_compact.rb` for details.
{"timestamp":"2023-04-19T16:53:47.464Z","pid":811,"message":"! Friendly fork preparation complete."}
{"timestamp":"2023-04-19T16:53:48.663Z","pid":811,"message":"- Worker 0 (PID: 1070) booted in 1.18s, phase: 0"}
{"timestamp":"2023-04-19T16:53:48.849Z","pid":811,"message":"- Worker 1 (PID: 1072) booted in 1.35s, phase: 0"}
{"timestamp":"2023-04-19T16:53:48.919Z","pid":811,"message":"- Worker 2 (PID: 1074) booted in 1.4s, phase: 0"}
{"timestamp":"2023-04-19T16:53:49.058Z","pid":811,"message":"- Worker 3 (PID: 1076) booted in 1.51s, phase: 0"}
=== puma startup: 2023-04-19 17:26:06 +0000 ===
{"timestamp":"2023-04-19T17:26:06.158Z","pid":435,"message":"! Promoting existing objects to old generation..."}
{"timestamp":"2023-04-19T17:26:06.465Z","pid":435,"message":"! Compacting..."}
Note: GC compacting is currently disabled. Refer to `config/initializers_before_autoloader/003_gc_compact.rb` for details.
{"timestamp":"2023-04-19T17:26:06.465Z","pid":435,"message":"! Friendly fork preparation complete."}
{"timestamp":"2023-04-19T17:26:07.880Z","pid":435,"message":"- Worker 0 (PID: 642) booted in 1.39s, phase: 0"}
{"timestamp":"2023-04-19T17:26:07.881Z","pid":435,"message":"- Worker 1 (PID: 644) booted in 1.35s, phase: 0"}
{"timestamp":"2023-04-19T17:26:08.104Z","pid":435,"message":"- Worker 2 (PID: 646) booted in 1.55s, phase: 0"}
{"timestamp":"2023-04-19T17:26:08.121Z","pid":435,"message":"- Worker 3 (PID: 647) booted in 1.52s, phase: 0"}
=== puma startup: 2023-04-19 17:30:18 +0000 ===
{"timestamp":"2023-04-19T17:30:18.539Z","pid":455,"message":"! Promoting existing objects to old generation..."}
{"timestamp":"2023-04-19T17:30:18.771Z","pid":455,"message":"! Compacting..."}
Note: GC compacting is currently disabled. Refer to `config/initializers_before_autoloader/003_gc_compact.rb` for details.
{"timestamp":"2023-04-19T17:30:18.771Z","pid":455,"message":"! Friendly fork preparation complete."}
{"timestamp":"2023-04-19T17:30:19.876Z","pid":455,"message":"- Worker 2 (PID: 657) booted in 1.04s, phase: 0"}
{"timestamp":"2023-04-19T17:30:19.997Z","pid":455,"message":"- Worker 0 (PID: 653) booted in 1.21s, phase: 0"}
{"timestamp":"2023-04-19T17:30:20.144Z","pid":455,"message":"- Worker 1 (PID: 655) booted in 1.34s, phase: 0"}
{"timestamp":"2023-04-19T17:30:20.223Z","pid":455,"message":"- Worker 3 (PID: 659) booted in 1.37s, phase: 0"}
